[     578ms] [WARNING] The PerformanceObserver does not support buffered flag with the entryTypes argument. @ https://www.gstatic.com/_/pantheon/_/js/k=pantheon.pantheon_module_set.ko.WVYAQEQJnj8.es5.O/am=AAAAAAAcAAAAAAAAFg/d=1/rs=ADqnUbPX8gqN-peEMtty0lzp2_ay6TS58Q/m=core:1203
[    1164ms] [WARNING] No ID or name found in config. @ https://www.gstatic.com/_/pantheon/_/js/k=pantheon.pantheon_module_set.ko.WVYAQEQJnj8.es5.O/am=AAAAAAAcAAAAAAAAFg/d=1/rs=ADqnUbPX8gqN-peEMtty0lzp2_ay6TS58Q/m=core:4109
[    1389ms] [ERROR] Failed to load resource: the server responded with a status of 404 () @ https://cloudusersettings-pa.clients6.google.com/v1alpha1/settings/PAN_CORE_ACCESSIBILITY_KEYBOARD_SHORTCUTS?key=AIzaSyCI-zsRP85UVOi0DjtiCwWBwQ1djDy741g:0
[    1469ms] [ERROR] Failed to load resource: the server responded with a status of 404 () @ https://cloudusersettings-pa.clients6.google.com/v1alpha1/settings/PAN_OPENED_APPEARANCE_DIALOG?key=AIzaSyCI-zsRP85UVOi0DjtiCwWBwQ1djDy741g:0
[    1482ms] [WARNING] No ID or name found in config. @ https://www.gstatic.com/_/pantheon/_/js/k=pantheon.pantheon_module_set.ko.WVYAQEQJnj8.es5.O/am=AAAAAAAcAAAAAAAAFg/d=1/rs=ADqnUbPX8gqN-peEMtty0lzp2_ay6TS58Q/m=core:4109
[    1484ms] [WARNING] No ID or name found in config. @ https://www.gstatic.com/_/pantheon/_/js/k=pantheon.pantheon_module_set.ko.WVYAQEQJnj8.es5.O/am=AAAAAAAcAAAAAAAAFg/d=1/rs=ADqnUbPX8gqN-peEMtty0lzp2_ay6TS58Q/m=core:4109
[    1485ms] [WARNING] No ID or name found in config. @ https://www.gstatic.com/_/pantheon/_/js/k=pantheon.pantheon_module_set.ko.WVYAQEQJnj8.es5.O/am=AAAAAAAcAAAAAAAAFg/d=1/rs=ADqnUbPX8gqN-peEMtty0lzp2_ay6TS58Q/m=core:4109
[    1487ms] [WARNING] No ID or name found in config. @ https://www.gstatic.com/_/pantheon/_/js/k=pantheon.pantheon_module_set.ko.WVYAQEQJnj8.es5.O/am=AAAAAAAcAAAAAAAAFg/d=1/rs=ADqnUbPX8gqN-peEMtty0lzp2_ay6TS58Q/m=core:4109
[    1488ms] [WARNING] No ID or name found in config. @ https://www.gstatic.com/_/pantheon/_/js/k=pantheon.pantheon_module_set.ko.WVYAQEQJnj8.es5.O/am=AAAAAAAcAAAAAAAAFg/d=1/rs=ADqnUbPX8gqN-peEMtty0lzp2_ay6TS58Q/m=core:4109
[    1491ms] [ERROR] Failed to load resource: the server responded with a status of 404 () @ https://cloudusersettings-pa.clients6.google.com/v1alpha1/settings/PIPELINES_AND_CONNECTIONS_OPT_IN?key=AIzaSyCI-zsRP85UVOi0DjtiCwWBwQ1djDy741g:0
[    3153ms] [ERROR] Failed to load resource: the server responded with a status of 400 () @ https://cloudusersettings-pa.clients6.google.com/v1alpha1/settings/GROWTH_TARGETED_FEATURE_HISTORY?key=AIzaSyCI-zsRP85UVOi0DjtiCwWBwQ1djDy741g:0
[    3154ms] [ERROR] Failed to load resource: the server responded with a status of 404 () @ https://cloudusersettings-pa.clients6.google.com/v1alpha1/settings/MFA_COHORT_DIALOG_SETTINGS?key=AIzaSyCI-zsRP85UVOi0DjtiCwWBwQ1djDy741g:0
[    3247ms] [ERROR] Failed to load resource: the server responded with a status of 400 () @ https://cloudusersettings-pa.clients6.google.com/v1alpha1/settings/GROWTH_TARGETED_FEATURE_HISTORY?key=AIzaSyCI-zsRP85UVOi0DjtiCwWBwQ1djDy741g:0
[    3409ms] [ERROR] Failed to load resource: the server responded with a status of 404 () @ https://cloudusersettings-pa.clients6.google.com/v1alpha1/settings/COE_NU_FIRST_CHARGE_BANNER_DISMISSALS?key=AIzaSyCI-zsRP85UVOi0DjtiCwWBwQ1djDy741g:0
[    3542ms] [ERROR] Failed to load resource: the server responded with a status of 404 () @ https://cloudusersettings-pa.clients6.google.com/v1alpha1/settings/GROWTH_TARGETED_FEATURE_HISTORY/keys/recently_visited_products_new_badge?key=AIzaSyCI-zsRP85UVOi0DjtiCwWBwQ1djDy741g:0
[   24241ms] [WARNING] No ID or name found in config. @ https://www.gstatic.com/_/pantheon/_/js/k=pantheon.pantheon_module_set.ko.WVYAQEQJnj8.es5.O/am=AAAAAAAcAAAAAAAAFg/d=1/rs=ADqnUbPX8gqN-peEMtty0lzp2_ay6TS58Q/m=core:4109
[   24243ms] [WARNING] No ID or name found in config. @ https://www.gstatic.com/_/pantheon/_/js/k=pantheon.pantheon_module_set.ko.WVYAQEQJnj8.es5.O/am=AAAAAAAcAAAAAAAAFg/d=1/rs=ADqnUbPX8gqN-peEMtty0lzp2_ay6TS58Q/m=core:4109
[   24245ms] [WARNING] No ID or name found in config. @ https://www.gstatic.com/_/pantheon/_/js/k=pantheon.pantheon_module_set.ko.WVYAQEQJnj8.es5.O/am=AAAAAAAcAAAAAAAAFg/d=1/rs=ADqnUbPX8gqN-peEMtty0lzp2_ay6TS58Q/m=core:4109
[   24246ms] [WARNING] No ID or name found in config. @ https://www.gstatic.com/_/pantheon/_/js/k=pantheon.pantheon_module_set.ko.WVYAQEQJnj8.es5.O/am=AAAAAAAcAAAAAAAAFg/d=1/rs=ADqnUbPX8gqN-peEMtty0lzp2_ay6TS58Q/m=core:4109
[   24248ms] [WARNING] No ID or name found in config. @ https://www.gstatic.com/_/pantheon/_/js/k=pantheon.pantheon_module_set.ko.WVYAQEQJnj8.es5.O/am=AAAAAAAcAAAAAAAAFg/d=1/rs=ADqnUbPX8gqN-peEMtty0lzp2_ay6TS58Q/m=core:4109
[   24249ms] [WARNING] No ID or name found in config. @ https://www.gstatic.com/_/pantheon/_/js/k=pantheon.pantheon_module_set.ko.WVYAQEQJnj8.es5.O/am=AAAAAAAcAAAAAAAAFg/d=1/rs=ADqnUbPX8gqN-peEMtty0lzp2_ay6TS58Q/m=core:4109
[   24251ms] [WARNING] No ID or name found in config. @ https://www.gstatic.com/_/pantheon/_/js/k=pantheon.pantheon_module_set.ko.WVYAQEQJnj8.es5.O/am=AAAAAAAcAAAAAAAAFg/d=1/rs=ADqnUbPX8gqN-peEMtty0lzp2_ay6TS58Q/m=core:4109
[   36672ms] [WARNING] The resource https://www.gstatic.com/_/mss/boq-cloud-client/_/js/k=boq-cloud-client.MetropolisMicroUi.ko.NRHwVkwgN5A.es6.O/am=AAAAAAAAEA/d=1/rs=AJ563L8-Wd-4NRRmKctbmdHFo9T8nHtyYg/m=b was preloaded using link preload but not used within a few seconds from the window's load event. Please make sure it has an appropriate `as` value and it is preloaded intentionally. @ https://console.cloud.google.com/auth/clients/528680033198-dpstpbe41vfhl1utgudr4u9k6cua6mq8.apps.googleusercontent.com?project=gen-lang-client-0485431706:0
[   36672ms] [WARNING] The resource https://www.gstatic.com/_/mss/boq-cloud-client/_/js/k=boq-cloud-client.OauthMicroUi.ko.iPkzvq13yJw.es6.O/am=AAAAAACA/d=1/rs=AJ563L-znv01tRRWItW_DHC4MkUXvbmrJw/m=b was preloaded using link preload but not used within a few seconds from the window's load event. Please make sure it has an appropriate `as` value and it is preloaded intentionally. @ https://console.cloud.google.com/auth/clients/528680033198-dpstpbe41vfhl1utgudr4u9k6cua6mq8.apps.googleusercontent.com?project=gen-lang-client-0485431706:0
[   36672ms] [WARNING] The resource https://www.gstatic.com/_/mss/boq-cloud-client/_/js/md=1/k=boq-cloud-client.MetropolisMicroUi.ko.NRHwVkwgN5A.es6.O/ck=boq-cloud-client.MetropolisMicroUi.yzHpd-W5XHY.L.W.O/am=AAAAAAAAEA/rs=AJ563L95yLhLDcomeQzTxAuRD1-1WIUvsw was preloaded using link preload but not used within a few seconds from the window's load event. Please make sure it has an appropriate `as` value and it is preloaded intentionally. @ https://console.cloud.google.com/auth/clients/528680033198-dpstpbe41vfhl1utgudr4u9k6cua6mq8.apps.googleusercontent.com?project=gen-lang-client-0485431706:0
[   45529ms] [WARNING] Blocked aria-hidden on an element because its descendant retained focus. The focus must not be hidden from assistive technology users. Avoid using aria-hidden on a focused element or its ancestor. Consider using the inert attribute instead, which will also prevent focus. For more details, see the aria-hidden section of the WAI-ARIA specification at https://w3c.github.io/aria/#aria-hidden.
Element with focus: <div.mat-focus-indicator>
Ancestor with aria-hidden: <div.mat-focus-indicator> @ https://console.cloud.google.com/apis/credentials?project=gen-lang-client-0485431706:0
[   46936ms] [WARNING] No ID or name found in config. @ https://www.gstatic.com/_/pantheon/_/js/k=pantheon.pantheon_module_set.ko.WVYAQEQJnj8.es5.O/am=AAAAAAAcAAAAAAAAFg/d=1/rs=ADqnUbPX8gqN-peEMtty0lzp2_ay6TS58Q/m=core:4109
[   46938ms] [WARNING] No ID or name found in config. @ https://www.gstatic.com/_/pantheon/_/js/k=pantheon.pantheon_module_set.ko.WVYAQEQJnj8.es5.O/am=AAAAAAAcAAAAAAAAFg/d=1/rs=ADqnUbPX8gqN-peEMtty0lzp2_ay6TS58Q/m=core:4109
[   46940ms] [WARNING] No ID or name found in config. @ https://www.gstatic.com/_/pantheon/_/js/k=pantheon.pantheon_module_set.ko.WVYAQEQJnj8.es5.O/am=AAAAAAAcAAAAAAAAFg/d=1/rs=ADqnUbPX8gqN-peEMtty0lzp2_ay6TS58Q/m=core:4109
[   46942ms] [WARNING] No ID or name found in config. @ https://www.gstatic.com/_/pantheon/_/js/k=pantheon.pantheon_module_set.ko.WVYAQEQJnj8.es5.O/am=AAAAAAAcAAAAAAAAFg/d=1/rs=ADqnUbPX8gqN-peEMtty0lzp2_ay6TS58Q/m=core:4109
[   46944ms] [WARNING] No ID or name found in config. @ https://www.gstatic.com/_/pantheon/_/js/k=pantheon.pantheon_module_set.ko.WVYAQEQJnj8.es5.O/am=AAAAAAAcAAAAAAAAFg/d=1/rs=ADqnUbPX8gqN-peEMtty0lzp2_ay6TS58Q/m=core:4109
[   54060ms] [WARNING] The resource https://www.gstatic.com/_/mss/boq-cloud-client/_/js/k=boq-cloud-client.MetropolisMicroUi.ko.NRHwVkwgN5A.es6.O/am=AAAAAAAAEA/d=1/rs=AJ563L8-Wd-4NRRmKctbmdHFo9T8nHtyYg/m=b was preloaded using link preload but not used within a few seconds from the window's load event. Please make sure it has an appropriate `as` value and it is preloaded intentionally. @ https://console.cloud.google.com/apis/credentials?project=gen-lang-client-0485431706:0
[   54061ms] [WARNING] The resource https://www.gstatic.com/_/mss/boq-cloud-client/_/js/k=boq-cloud-client.OauthMicroUi.ko.iPkzvq13yJw.es6.O/am=AAAAAACA/d=1/rs=AJ563L-znv01tRRWItW_DHC4MkUXvbmrJw/m=b was preloaded using link preload but not used within a few seconds from the window's load event. Please make sure it has an appropriate `as` value and it is preloaded intentionally. @ https://console.cloud.google.com/apis/credentials?project=gen-lang-client-0485431706:0
[   54061ms] [WARNING] The resource https://www.gstatic.com/_/mss/boq-cloud-client/_/js/md=1/k=boq-cloud-client.MetropolisMicroUi.ko.NRHwVkwgN5A.es6.O/ck=boq-cloud-client.MetropolisMicroUi.yzHpd-W5XHY.L.W.O/am=AAAAAAAAEA/rs=AJ563L95yLhLDcomeQzTxAuRD1-1WIUvsw was preloaded using link preload but not used within a few seconds from the window's load event. Please make sure it has an appropriate `as` value and it is preloaded intentionally. @ https://console.cloud.google.com/apis/credentials?project=gen-lang-client-0485431706:0
