[     820ms] [WARNING] The PerformanceObserver does not support buffered flag with the entryTypes argument. @ https://www.gstatic.com/_/pantheon/_/js/k=pantheon.pantheon_module_set.ko.WVYAQEQJnj8.es5.O/am=AAAAAAAcAAAAAAAAFg/d=1/rs=ADqnUbPX8gqN-peEMtty0lzp2_ay6TS58Q/m=core:1203
[    1561ms] [WARNING] No ID or name found in config. @ https://www.gstatic.com/_/pantheon/_/js/k=pantheon.pantheon_module_set.ko.WVYAQEQJnj8.es5.O/am=AAAAAAAcAAAAAAAAFg/d=1/rs=ADqnUbPX8gqN-peEMtty0lzp2_ay6TS58Q/m=core:4109
[    1721ms] [ERROR] Failed to load resource: the server responded with a status of 404 () @ https://cloudusersettings-pa.clients6.google.com/v1alpha1/settings/PAN_CORE_ACCESSIBILITY_KEYBOARD_SHORTCUTS?key=AIzaSyCI-zsRP85UVOi0DjtiCwWBwQ1djDy741g:0
[    1847ms] [ERROR] Failed to load resource: the server responded with a status of 404 () @ https://cloudusersettings-pa.clients6.google.com/v1alpha1/settings/PAN_OPENED_APPEARANCE_DIALOG?key=AIzaSyCI-zsRP85UVOi0DjtiCwWBwQ1djDy741g:0
[    1857ms] [WARNING] No ID or name found in config. @ https://www.gstatic.com/_/pantheon/_/js/k=pantheon.pantheon_module_set.ko.WVYAQEQJnj8.es5.O/am=AAAAAAAcAAAAAAAAFg/d=1/rs=ADqnUbPX8gqN-peEMtty0lzp2_ay6TS58Q/m=core:4109
[    1860ms] [WARNING] No ID or name found in config. @ https://www.gstatic.com/_/pantheon/_/js/k=pantheon.pantheon_module_set.ko.WVYAQEQJnj8.es5.O/am=AAAAAAAcAAAAAAAAFg/d=1/rs=ADqnUbPX8gqN-peEMtty0lzp2_ay6TS58Q/m=core:4109
[    1861ms] [WARNING] No ID or name found in config. @ https://www.gstatic.com/_/pantheon/_/js/k=pantheon.pantheon_module_set.ko.WVYAQEQJnj8.es5.O/am=AAAAAAAcAAAAAAAAFg/d=1/rs=ADqnUbPX8gqN-peEMtty0lzp2_ay6TS58Q/m=core:4109
[    1863ms] [WARNING] No ID or name found in config. @ https://www.gstatic.com/_/pantheon/_/js/k=pantheon.pantheon_module_set.ko.WVYAQEQJnj8.es5.O/am=AAAAAAAcAAAAAAAAFg/d=1/rs=ADqnUbPX8gqN-peEMtty0lzp2_ay6TS58Q/m=core:4109
[    1864ms] [WARNING] No ID or name found in config. @ https://www.gstatic.com/_/pantheon/_/js/k=pantheon.pantheon_module_set.ko.WVYAQEQJnj8.es5.O/am=AAAAAAAcAAAAAAAAFg/d=1/rs=ADqnUbPX8gqN-peEMtty0lzp2_ay6TS58Q/m=core:4109
[    1956ms] [ERROR] Failed to load resource: the server responded with a status of 404 () @ https://cloudusersettings-pa.clients6.google.com/v1alpha1/settings/PIPELINES_AND_CONNECTIONS_OPT_IN?key=AIzaSyCI-zsRP85UVOi0DjtiCwWBwQ1djDy741g:0
[    6107ms] [WARNING] No ID or name found in config. @ https://www.gstatic.com/_/pantheon/_/js/k=pantheon.pantheon_module_set.ko.WVYAQEQJnj8.es5.O/am=AAAAAAAcAAAAAAAAFg/d=1/rs=ADqnUbPX8gqN-peEMtty0lzp2_ay6TS58Q/m=core:4109
[    6109ms] [WARNING] No ID or name found in config. @ https://www.gstatic.com/_/pantheon/_/js/k=pantheon.pantheon_module_set.ko.WVYAQEQJnj8.es5.O/am=AAAAAAAcAAAAAAAAFg/d=1/rs=ADqnUbPX8gqN-peEMtty0lzp2_ay6TS58Q/m=core:4109
[    6111ms] [WARNING] No ID or name found in config. @ https://www.gstatic.com/_/pantheon/_/js/k=pantheon.pantheon_module_set.ko.WVYAQEQJnj8.es5.O/am=AAAAAAAcAAAAAAAAFg/d=1/rs=ADqnUbPX8gqN-peEMtty0lzp2_ay6TS58Q/m=core:4109
[    6113ms] [WARNING] No ID or name found in config. @ https://www.gstatic.com/_/pantheon/_/js/k=pantheon.pantheon_module_set.ko.WVYAQEQJnj8.es5.O/am=AAAAAAAcAAAAAAAAFg/d=1/rs=ADqnUbPX8gqN-peEMtty0lzp2_ay6TS58Q/m=core:4109
[    6114ms] [WARNING] No ID or name found in config. @ https://www.gstatic.com/_/pantheon/_/js/k=pantheon.pantheon_module_set.ko.WVYAQEQJnj8.es5.O/am=AAAAAAAcAAAAAAAAFg/d=1/rs=ADqnUbPX8gqN-peEMtty0lzp2_ay6TS58Q/m=core:4109
[    6116ms] [WARNING] No ID or name found in config. @ https://www.gstatic.com/_/pantheon/_/js/k=pantheon.pantheon_module_set.ko.WVYAQEQJnj8.es5.O/am=AAAAAAAcAAAAAAAAFg/d=1/rs=ADqnUbPX8gqN-peEMtty0lzp2_ay6TS58Q/m=core:4109
[    6118ms] [WARNING] No ID or name found in config. @ https://www.gstatic.com/_/pantheon/_/js/k=pantheon.pantheon_module_set.ko.WVYAQEQJnj8.es5.O/am=AAAAAAAcAAAAAAAAFg/d=1/rs=ADqnUbPX8gqN-peEMtty0lzp2_ay6TS58Q/m=core:4109
[    7486ms] [ERROR] Failed to load resource: the server responded with a status of 400 () @ https://cloudusersettings-pa.clients6.google.com/v1alpha1/settings/GROWTH_TARGETED_FEATURE_HISTORY?key=AIzaSyCI-zsRP85UVOi0DjtiCwWBwQ1djDy741g:0
[    7602ms] [ERROR] Failed to load resource: the server responded with a status of 404 () @ https://cloudusersettings-pa.clients6.google.com/v1alpha1/settings/MFA_COHORT_DIALOG_SETTINGS?key=AIzaSyCI-zsRP85UVOi0DjtiCwWBwQ1djDy741g:0
[    7706ms] [ERROR] Failed to load resource: the server responded with a status of 400 () @ https://cloudusersettings-pa.clients6.google.com/v1alpha1/settings/GROWTH_TARGETED_FEATURE_HISTORY?key=AIzaSyCI-zsRP85UVOi0DjtiCwWBwQ1djDy741g:0
[    7747ms] [ERROR] Failed to load resource: the server responded with a status of 404 () @ https://cloudusersettings-pa.clients6.google.com/v1alpha1/settings/COE_NU_FIRST_CHARGE_BANNER_DISMISSALS?key=AIzaSyCI-zsRP85UVOi0DjtiCwWBwQ1djDy741g:0
[    7982ms] [ERROR] Failed to load resource: the server responded with a status of 404 () @ https://cloudusersettings-pa.clients6.google.com/v1alpha1/settings/GROWTH_TARGETED_FEATURE_HISTORY/keys/recently_visited_products_new_badge?key=AIzaSyCI-zsRP85UVOi0DjtiCwWBwQ1djDy741g:0
[   16324ms] [WARNING] The resource https://www.gstatic.com/_/mss/boq-cloud-client/_/js/k=boq-cloud-client.OauthMicroUi.ko.iPkzvq13yJw.es6.O/am=AAAAAACA/d=1/rs=AJ563L-znv01tRRWItW_DHC4MkUXvbmrJw/m=b was preloaded using link preload but not used within a few seconds from the window's load event. Please make sure it has an appropriate `as` value and it is preloaded intentionally. @ https://console.cloud.google.com/auth/overview?project=gen-lang-client-0485431706:0
[   16324ms] [WARNING] The resource https://www.gstatic.com/_/mss/boq-cloud-client/_/js/md=1/k=boq-cloud-client.OauthMicroUi.ko.iPkzvq13yJw.es6.O/ck=boq-cloud-client.OauthMicroUi.9ce8MJtbAnQ.L.W.O/am=AAAAAACA/rs=AJ563L-1-cwwL7qgIhhywaKXt3Gg_uewEg was preloaded using link preload but not used within a few seconds from the window's load event. Please make sure it has an appropriate `as` value and it is preloaded intentionally. @ https://console.cloud.google.com/auth/overview?project=gen-lang-client-0485431706:0
[   46735ms] [WARNING] The resource https://www.gstatic.com/_/mss/boq-cloud-client/_/js/k=boq-cloud-client.OauthMicroUi.ko.iPkzvq13yJw.es6.O/am=AAAAAACA/d=1/rs=AJ563L-znv01tRRWItW_DHC4MkUXvbmrJw/m=b was preloaded using link preload but not used within a few seconds from the window's load event. Please make sure it has an appropriate `as` value and it is preloaded intentionally. @ https://console.cloud.google.com/auth/audience?project=gen-lang-client-0485431706:0
[   46735ms] [WARNING] The resource https://www.gstatic.com/_/mss/boq-cloud-client/_/js/md=1/k=boq-cloud-client.OauthMicroUi.ko.iPkzvq13yJw.es6.O/ck=boq-cloud-client.OauthMicroUi.9ce8MJtbAnQ.L.W.O/am=AAAAAACA/rs=AJ563L-1-cwwL7qgIhhywaKXt3Gg_uewEg was preloaded using link preload but not used within a few seconds from the window's load event. Please make sure it has an appropriate `as` value and it is preloaded intentionally. @ https://console.cloud.google.com/auth/audience?project=gen-lang-client-0485431706:0
